<?xml version="1.0" encoding="UTF-8"?>
<!-- Generated by org.testng.reporters.JUnitXMLReporter -->
<testsuite hostname="DESKTOP-EULO2S6" ignored="5" name="Test" tests="2" failures="0" timestamp="2022-05-15T11:38:24 IST" time="258.364" errors="0">
  <testcase name="invalidUserName" time="39.769" classname="com.qa.tests.LoginTests"/>
  <testcase name="validateProductOnProductDetailsPage" time="165.998" classname="com.qa.tests.ProductTests"/>
  <testcase name="@AfterTest afterTest" time="0.0" classname="com.qa.BaseTest">
    <ignored/>
  </testcase> <!-- @AfterTest afterTest -->
  <testcase name="successFulLogin" time="0.0" classname="com.qa.tests.LoginTests">
    <ignored/>
  </testcase> <!-- successFulLogin -->
  <testcase name="@BeforeTest beforeTest" time="0.0" classname="com.qa.BaseTest">
    <ignored/>
  </testcase> <!-- @BeforeTest beforeTest -->
  <testcase name="validateProductOnProductsPage" time="0.0" classname="com.qa.tests.ProductTests">
    <ignored/>
  </testcase> <!-- validateProductOnProductsPage -->
  <testcase name="invalidPassword" time="0.0" classname="com.qa.tests.LoginTests">
    <ignored/>
  </testcase> <!-- invalidPassword -->
</testsuite> <!-- Test -->
