<?xml version="1.0" encoding="UTF-8"?>
<!-- Generated by org.testng.reporters.JUnitXMLReporter -->
<testsuite hostname="DESKTOP-EULO2S6" ignored="2" name="Xiaomi11i" tests="5" failures="3" timestamp="2022-05-20T17:07:23 IST" time="24.252" errors="0">
  <testcase name="@BeforeMethod beforeMethod" time="1.048" classname="com.qa.tests.ProductTests">
    <failure type="java.lang.NullPointerException">
      <![CDATA[java.lang.NullPointerException
at com.qa.BaseTest.sendKeys(BaseTest.java:266)
at com.qa.pages.LoginPage.enterUserName(LoginPage.java:20)
at com.qa.pages.LoginPage.login(LoginPage.java:36)
at com.qa.tests.ProductTests.beforeMethod(ProductTests.java:53)
at java.util.ArrayList.forEach(ArrayList.java:1259)
... Removed 31 stack frames]]>
    </failure>
  </testcase> <!-- @BeforeMethod beforeMethod -->
  <testcase name="@AfterMethod afterMethod" time="-1.653046642986E9" classname="com.qa.tests.ProductTests">
    <skipped/>
  </testcase> <!-- @AfterMethod afterMethod -->
  <testcase name="@AfterMethod afterMethod" time="-1.653046642986E9" classname="com.qa.BaseTest">
    <skipped/>
  </testcase> <!-- @AfterMethod afterMethod -->
  <testcase name="@BeforeMethod beforeMethod" time="-1.653046642987E9" classname="com.qa.BaseTest">
    <skipped/>
  </testcase> <!-- @BeforeMethod beforeMethod -->
  <testcase name="@BeforeMethod beforeMethod" time="-1.653046642987E9" classname="com.qa.tests.ProductTests">
    <skipped/>
  </testcase> <!-- @BeforeMethod beforeMethod -->
  <testcase name="@AfterMethod afterMethod" time="-1.65304664299E9" classname="com.qa.tests.ProductTests">
    <skipped/>
  </testcase> <!-- @AfterMethod afterMethod -->
  <testcase name="@AfterMethod afterMethod" time="-1.65304664299E9" classname="com.qa.BaseTest">
    <skipped/>
  </testcase> <!-- @AfterMethod afterMethod -->
  <testcase name="@AfterClass afterClass" time="-1.653046642991E9" classname="com.qa.tests.ProductTests">
    <skipped/>
  </testcase> <!-- @AfterClass afterClass -->
  <testcase name="invalidPassword" time="0.806" classname="com.qa.tests.LoginTests">
    <failure type="java.lang.NullPointerException">
      <![CDATA[java.lang.NullPointerException
at com.qa.BaseTest.sendKeys(BaseTest.java:266)
at com.qa.pages.LoginPage.enterUserName(LoginPage.java:20)
at com.qa.tests.LoginTests.invalidPassword(LoginTests.java:69)
at java.util.ArrayList.forEach(ArrayList.java:1259)
... Removed 27 stack frames]]>
    </failure>
  </testcase> <!-- invalidPassword -->
  <testcase name="invalidUserName" time="0.687" classname="com.qa.tests.LoginTests">
    <failure type="java.lang.NullPointerException">
      <![CDATA[java.lang.NullPointerException
at com.qa.BaseTest.sendKeys(BaseTest.java:266)
at com.qa.pages.LoginPage.enterUserName(LoginPage.java:20)
at com.qa.tests.LoginTests.invalidUserName(LoginTests.java:57)
at java.util.ArrayList.forEach(ArrayList.java:1259)
... Removed 27 stack frames]]>
    </failure>
  </testcase> <!-- invalidUserName -->
  <testcase name="successfulLogin" time="0.813" classname="com.qa.tests.LoginTests">
    <failure type="java.lang.NullPointerException">
      <![CDATA[java.lang.NullPointerException
at com.qa.BaseTest.sendKeys(BaseTest.java:266)
at com.qa.pages.LoginPage.enterUserName(LoginPage.java:20)
at com.qa.tests.LoginTests.successfulLogin(LoginTests.java:81)
at java.util.ArrayList.forEach(ArrayList.java:1259)
... Removed 27 stack frames]]>
    </failure>
  </testcase> <!-- successfulLogin -->
  <testcase name="validateProductOnProductDetailsPage" time="0.0" classname="com.qa.tests.ProductTests">
    <skipped/>
  </testcase> <!-- validateProductOnProductDetailsPage -->
  <testcase name="validateProductOnProductsPage" time="0.0" classname="com.qa.tests.ProductTests">
    <skipped/>
  </testcase> <!-- validateProductOnProductsPage -->
  <testcase name="@AfterTest afterTest" time="0.0" classname="com.qa.BaseTest">
    <ignored/>
  </testcase> <!-- @AfterTest afterTest -->
  <testcase name="@BeforeTest beforeTest" time="0.0" classname="com.qa.BaseTest">
    <ignored/>
  </testcase> <!-- @BeforeTest beforeTest -->
</testsuite> <!-- Xiaomi11i -->
